Using pre-set license
Built from '2020.3/release' branch; Version is '2020.3.27f1 (e759542391ea) revision 15161684'; Using compiler version '192528614'; Build Type 'Release'
OS: 'Windows 11  (10.0.22000) 64bit Professional' Language: 'tr' Physical Memory: 16125 MB
BatchMode: 1, IsHumanControllingUs: 0, StartBugReporterOnCrash: 0, Is64bit: 1, IsPro: 0

COMMAND LINE ARGUMENTS:
C:\Program Files\Unity\Hub\Editor\2020.3.27f1\Editor\Unity.exe
-adb2
-batchMode
-noUpm
-name
AssetImportWorker0
-projectPath
C:/Users/musta/GitHub/Scamper/RİNGSTACK
-logFile
Logs/AssetImportWorker0.log
-srvPort
51179
Successfully changed project path to: C:/Users/musta/GitHub/Scamper/RİNGSTACK
C:/Users/musta/GitHub/Scamper/RİNGSTACK
Using Asset Import Pipeline V2.
Refreshing native plugins compatible for Editor in 41.13 ms, found 2 plugins.
Preloading 0 native plugins for Editor in 0.00 ms.
Initialize engine version: 2020.3.27f1 (e759542391ea)
[Subsystems] Discovering subsystems at path C:/Program Files/Unity/Hub/Editor/2020.3.27f1/Editor/Data/Resources/UnitySubsystems
[Subsystems] Discovering subsystems at path C:/Users/musta/GitHub/Scamper/RİNGSTACK/Assets
GfxDevice: creating device client; threaded=0
Direct3D:
    Version:  Direct3D 11.0 [level 11.1]
    Renderer: NVIDIA GeForce RTX 3060 Laptop GPU (ID=0x2520)
    Vendor:   
    VRAM:     6023 MB
    Driver:   30.0.15.1179
Initialize mono
Mono path[0] = 'C:/Program Files/Unity/Hub/Editor/2020.3.27f1/Editor/Data/Managed'
Mono path[1] = 'C:/Program Files/Unity/Hub/Editor/2020.3.27f1/Editor/Data/MonoBleedingEdge/lib/mono/unityjit'
Mono config path = 'C:/Program Files/Unity/Hub/Editor/2020.3.27f1/Editor/Data/MonoBleedingEdge/etc'
Using monoOptions --debugger-agent=transport=dt_socket,embedding=1,server=y,suspend=n,address=127.0.0.1:56856
Begin MonoManager ReloadAssembly
Registering precompiled unity dll's ...
Register platform support module: C:/Program Files/Unity/Hub/Editor/2020.3.27f1/Editor/Data/PlaybackEngines/WindowsStandaloneSupport/UnityEditor.WindowsStandalone.Extensions.dll
Registered in 0.131564 seconds.
Native extension for WindowsStandalone target not found
Refreshing native plugins compatible for Editor in 42.30 ms, found 2 plugins.
Preloading 0 native plugins for Editor in 0.00 ms.
Mono: successfully reloaded assembly
- Completed reload, in  4.084 seconds
Domain Reload Profiling:
	ReloadAssembly (4084ms)
		BeginReloadAssembly (3017ms)
			ExecutionOrderSort (0ms)
			DisableScriptedObjects (0ms)
			BackupInstance (0ms)
			ReleaseScriptingObjects (0ms)
			CreateAndSetChildDomain (1ms)
		EndReloadAssembly (766ms)
			LoadAssemblies (3015ms)
			RebuildTransferFunctionScriptingTraits (0ms)
			SetupTypeCache (433ms)
			ReleaseScriptCaches (0ms)
			RebuildScriptCaches (41ms)
			SetupLoadedEditorAssemblies (179ms)
				LogAssemblyErrors (0ms)
				InitializePlatformSupportModulesInManaged (5ms)
				SetLoadedEditorAssemblies (0ms)
				RefreshPlugins (42ms)
				BeforeProcessingInitializeOnLoad (13ms)
				ProcessInitializeOnLoadAttributes (80ms)
				ProcessInitializeOnLoadMethodAttributes (38ms)
				AfterProcessingInitializeOnLoad (0ms)
				EditorAssembliesLoaded (0ms)
			ExecutionOrderSort2 (0ms)
			AwakeInstancesAfterBackupRestoration (0ms)
Platform modules already initialized, skipping
Registering precompiled user dll's ...
Registered in 0.711998 seconds.
Begin MonoManager ReloadAssembly
Native extension for WindowsStandalone target not found
Refreshing native plugins compatible for Editor in 0.55 ms, found 2 plugins.
Preloading 0 native plugins for Editor in 0.00 ms.
Mono: successfully reloaded assembly
- Completed reload, in  4.058 seconds
Domain Reload Profiling:
	ReloadAssembly (4061ms)
		BeginReloadAssembly (148ms)
			ExecutionOrderSort (0ms)
			DisableScriptedObjects (4ms)
			BackupInstance (0ms)
			ReleaseScriptingObjects (0ms)
			CreateAndSetChildDomain (21ms)
		EndReloadAssembly (3852ms)
			LoadAssemblies (1410ms)
			RebuildTransferFunctionScriptingTraits (0ms)
			SetupTypeCache (1087ms)
			ReleaseScriptCaches (1ms)
			RebuildScriptCaches (73ms)
			SetupLoadedEditorAssemblies (1162ms)
				LogAssemblyErrors (0ms)
				InitializePlatformSupportModulesInManaged (5ms)
				SetLoadedEditorAssemblies (0ms)
				RefreshPlugins (1ms)
				BeforeProcessingInitializeOnLoad (102ms)
				ProcessInitializeOnLoadAttributes (396ms)
				ProcessInitializeOnLoadMethodAttributes (650ms)
				AfterProcessingInitializeOnLoad (6ms)
				EditorAssembliesLoaded (0ms)
			ExecutionOrderSort2 (0ms)
			AwakeInstancesAfterBackupRestoration (7ms)
Platform modules already initialized, skipping
========================================================================
Worker process is ready to serve import requests
Launched and connected shader compiler UnityShaderCompiler.exe after 0.09 seconds
Refreshing native plugins compatible for Editor in 0.70 ms, found 2 plugins.
Preloading 0 native plugins for Editor in 0.00 ms.
Unloading 1510 Unused Serialized files (Serialized files now loaded: 0)
System memory in use before: 70.5 MB.
System memory in use after: 70.6 MB.

Unloading 19 unused Assets to reduce memory usage. Loaded Objects now: 1944.
Total: 2.648500 ms (FindLiveObjects: 0.205900 ms CreateObjectMapping: 0.032900 ms MarkObjects: 2.308100 ms  DeleteObjects: 0.100500 ms)

AssetImportParameters requested are different than current active one (requested -> active):
  custom:framework-win-MediaFoundation: 216162199b28c13a410421893ffa2e32 -> 
  custom:video-decoder-ogg-theora: a1e56fd34408186e4bbccfd4996cb3dc -> 
  custom:container-muxer-webm: aa71ff27fc2769a1b78a27578f13a17b -> 
  custom:container-demuxer-webm: 4f35f7cbe854078d1ac9338744f61a02 -> 
  custom:container-demuxer-ogg: 62fdf1f143b41e24485cea50d1cbac27 -> 
  custom:video-encoder-webm-vp8: eb34c28f22e8b96e1ab97ce403110664 -> 
  custom:video-decoder-webm-vp8: 9c59270c3fd7afecdb556c50c9e8de78 -> 
  custom:audio-decoder-ogg-vorbis: bf7c407c2cedff20999df2af8eb42d56 -> 
  custom:audio-encoder-webm-vorbis: bf7c407c2cedff20999df2af8eb42d56 -> 
========================================================================
Received Import Request.
  path: Assets/Environment.prefab
  artifactKey: Guid(4d2777efefefade43a39b8f211ac3959) Importer(815301076,1909f56bfc062723c751e8b465ee728b)
Start importing Assets/Environment.prefab using Guid(4d2777efefefade43a39b8f211ac3959) Importer(815301076,1909f56bfc062723c751e8b465ee728b)  -> (artifact id: '63e4d88efa67dbb3c3108d22e38a3c05') in 0.158030 seconds 
  Import took 0.161934 seconds .

========================================================================
Received Import Request.
  Time since last request: 324.039808 seconds.
  path: Assets/Environment
  artifactKey: Guid(236bf09fdb58bb1428505c5d996d4453) Importer(815301076,1909f56bfc062723c751e8b465ee728b)
Start importing Assets/Environment using Guid(236bf09fdb58bb1428505c5d996d4453) Importer(815301076,1909f56bfc062723c751e8b465ee728b)  -> (artifact id: 'b8c116956aea5f88210aadab25bcdf9d') in 0.004468 seconds 
  Import took 0.009425 seconds .

========================================================================
Received Import Request.
  Time since last request: 4.628010 seconds.
  path: Assets/Environment/Hammock_01.prefab
  artifactKey: Guid(ccce2f3d08a6d984483b71dc8144110d) Importer(815301076,1909f56bfc062723c751e8b465ee728b)
Start importing Assets/Environment/Hammock_01.prefab using Guid(ccce2f3d08a6d984483b71dc8144110d) Importer(815301076,1909f56bfc062723c751e8b465ee728b)  -> (artifact id: 'f69b8e38c30259a98ab9252a973f7345') in 0.030144 seconds 
  Import took 0.035134 seconds .

========================================================================
Received Import Request.
  Time since last request: 2.067395 seconds.
  path: Assets/Environment/Dock_Bridge_R.prefab
  artifactKey: Guid(a654700202f592c449177f6894be4b2b) Importer(815301076,1909f56bfc062723c751e8b465ee728b)
Start importing Assets/Environment/Dock_Bridge_R.prefab using Guid(a654700202f592c449177f6894be4b2b) Importer(815301076,1909f56bfc062723c751e8b465ee728b)  -> (artifact id: 'f9bb31f505160941a884028e95a1bfeb') in 0.034047 seconds 
  Import took 0.038572 seconds .

========================================================================
Received Import Request.
  Time since last request: 2.247573 seconds.
  path: Assets/Environment/PalmTree_01.prefab
  artifactKey: Guid(2c03da86613a1d84d9ed1ab0848ba5d2) Importer(815301076,1909f56bfc062723c751e8b465ee728b)
Start importing Assets/Environment/PalmTree_01.prefab using Guid(2c03da86613a1d84d9ed1ab0848ba5d2) Importer(815301076,1909f56bfc062723c751e8b465ee728b)  -> (artifact id: '93ccbcf208fd3c756c0ffa3f0ee82a11') in 0.028009 seconds 
  Import took 0.031824 seconds .

========================================================================
Received Import Request.
  Time since last request: 1.900829 seconds.
  path: Assets/Environment/Rattan_BeachUnmbrella_03.prefab
  artifactKey: Guid(6e8064f9c4472b0448bac0337af96980) Importer(815301076,1909f56bfc062723c751e8b465ee728b)
Start importing Assets/Environment/Rattan_BeachUnmbrella_03.prefab using Guid(6e8064f9c4472b0448bac0337af96980) Importer(815301076,1909f56bfc062723c751e8b465ee728b)  -> (artifact id: '8b77527d8daea300bd23264caad5ff4e') in 0.021226 seconds 
  Import took 0.026437 seconds .

========================================================================
Received Import Request.
  Time since last request: 1.802288 seconds.
  path: Assets/Environment/Ball_10.prefab
  artifactKey: Guid(82cb325b06cb72b4996b891bcee78cd1) Importer(815301076,1909f56bfc062723c751e8b465ee728b)
Start importing Assets/Environment/Ball_10.prefab using Guid(82cb325b06cb72b4996b891bcee78cd1) Importer(815301076,1909f56bfc062723c751e8b465ee728b)  -> (artifact id: '68a5b53df2aa086e569a642f543caa53') in 0.022131 seconds 
  Import took 0.026388 seconds .

========================================================================
Received Import Request.
  Time since last request: 1.538702 seconds.
  path: Assets/Environment/Towel_05.prefab
  artifactKey: Guid(e12230cc1737af544ad2d8947cf965bf) Importer(815301076,1909f56bfc062723c751e8b465ee728b)
Start importing Assets/Environment/Towel_05.prefab using Guid(e12230cc1737af544ad2d8947cf965bf) Importer(815301076,1909f56bfc062723c751e8b465ee728b)  -> (artifact id: '811a3287fab9c4cddd3763c4be2f35ee') in 0.018911 seconds 
  Import took 0.023066 seconds .

========================================================================
Received Import Request.
  Time since last request: 1.773781 seconds.
  path: Assets/Environment/Water_Plane.prefab
  artifactKey: Guid(1bf3dfc4b49237e4584fe47852acbf81) Importer(815301076,1909f56bfc062723c751e8b465ee728b)
Start importing Assets/Environment/Water_Plane.prefab using Guid(1bf3dfc4b49237e4584fe47852acbf81) Importer(815301076,1909f56bfc062723c751e8b465ee728b)  -> (artifact id: 'd2de86b253a377584a6185c29d973fa3') in 0.021953 seconds 
  Import took 0.027866 seconds .

========================================================================
Received Import Request.
  Time since last request: 2.465401 seconds.
  path: Assets/Environment/Island_02.prefab
  artifactKey: Guid(ae7788cf26513ee41b545b0bbeced2f1) Importer(815301076,1909f56bfc062723c751e8b465ee728b)
Start importing Assets/Environment/Island_02.prefab using Guid(ae7788cf26513ee41b545b0bbeced2f1) Importer(815301076,1909f56bfc062723c751e8b465ee728b)  -> (artifact id: '0d2038f7dc21ef52efef8049666d9471') in 0.022716 seconds 
  Import took 0.027742 seconds .

========================================================================
Received Import Request.
  Time since last request: 655.808739 seconds.
  path: Packages/com.unity.collab-proxy/Editor/Collaborate/Assets/Styles/BaseChangeListElement.uss
  artifactKey: Guid(1e9148bf9d78e0943aeac7855e43585e) Importer(815301076,1909f56bfc062723c751e8b465ee728b)
Start importing Packages/com.unity.collab-proxy/Editor/Collaborate/Assets/Styles/BaseChangeListElement.uss using Guid(1e9148bf9d78e0943aeac7855e43585e) Importer(815301076,1909f56bfc062723c751e8b465ee728b)  -> (artifact id: 'ac9a4b75a191111c1a6746190c40bc6c') in 0.029791 seconds 
  Import took 0.034556 seconds .

========================================================================
Received Import Request.
  Time since last request: 0.000296 seconds.
  path: Packages/com.unity.collab-proxy/Editor/Collaborate/Assets/Layouts/BaseChangeListElement.uxml
  artifactKey: Guid(bef3e204cca87f74199fb125d726b453) Importer(815301076,1909f56bfc062723c751e8b465ee728b)
Start importing Packages/com.unity.collab-proxy/Editor/Collaborate/Assets/Layouts/BaseChangeListElement.uxml using Guid(bef3e204cca87f74199fb125d726b453) Importer(815301076,1909f56bfc062723c751e8b465ee728b)  -> (artifact id: '1dab058eff37d456c838983df08ed79b') in 0.017930 seconds 
  Import took 0.021335 seconds .

========================================================================
Received Import Request.
  Time since last request: 0.000232 seconds.
  path: Packages/com.unity.ide.visualstudio/Editor/com.unity.ide.visualstudio.asmdef
  artifactKey: Guid(b93f844d45cfcc44fa2b0eed5c9ec6bb) Importer(815301076,1909f56bfc062723c751e8b465ee728b)
Start importing Packages/com.unity.ide.visualstudio/Editor/com.unity.ide.visualstudio.asmdef using Guid(b93f844d45cfcc44fa2b0eed5c9ec6bb) Importer(815301076,1909f56bfc062723c751e8b465ee728b)  -> (artifact id: 'f7c166c5239c9f94d6347c9b443d9b01') in 0.009560 seconds 
  Import took 0.013748 seconds .

========================================================================
Received Import Request.
  Time since last request: 0.000343 seconds.
  path: Packages/com.unity.collab-proxy/Editor/PlasticSCM/Assets/Images/d_cloudbuhoshechristmas.png
  artifactKey: Guid(9c0d6ec706e01ce448aea81584af092b) Importer(815301076,1909f56bfc062723c751e8b465ee728b)
Start importing Packages/com.unity.collab-proxy/Editor/PlasticSCM/Assets/Images/d_cloudbuhoshechristmas.png using Guid(9c0d6ec706e01ce448aea81584af092b) Importer(815301076,1909f56bfc062723c751e8b465ee728b)  -> (artifact id: '892a50a54c26849f63469a191776c4d5') in 0.057985 seconds 
  Import took 0.061875 seconds .

========================================================================
Received Import Request.
  Time since last request: 0.000204 seconds.
  path: Packages/com.unity.collab-proxy/Editor/PlasticSCM/Assets/Images/d_colorbuhochristmas.png
  artifactKey: Guid(fd098fb4cf57bad419701c802e442b7e) Importer(815301076,1909f56bfc062723c751e8b465ee728b)
Start importing Packages/com.unity.collab-proxy/Editor/PlasticSCM/Assets/Images/d_colorbuhochristmas.png using Guid(fd098fb4cf57bad419701c802e442b7e) Importer(815301076,1909f56bfc062723c751e8b465ee728b)  -> (artifact id: 'ff2e528dd45eab70fcd713a8b1503c3b') in 0.027301 seconds 
  Import took 0.030783 seconds .

========================================================================
Received Import Request.
  Time since last request: 0.000223 seconds.
  path: Packages/com.unity.collab-proxy/Editor/Collaborate/EditorGameService/SettingsProviderVisuals/UXML/CollabProjectSettingsDisabled.uxml
  artifactKey: Guid(4e24487a7d7704dd89983851b8b09a7f) Importer(815301076,1909f56bfc062723c751e8b465ee728b)
Start importing Packages/com.unity.collab-proxy/Editor/Collaborate/EditorGameService/SettingsProviderVisuals/UXML/CollabProjectSettingsDisabled.uxml using Guid(4e24487a7d7704dd89983851b8b09a7f) Importer(815301076,1909f56bfc062723c751e8b465ee728b)  -> (artifact id: '6faf54612b95ec92f11078553d3f83ca') in 0.012348 seconds 
  Import took 0.015685 seconds .

========================================================================
Received Import Request.
  Time since last request: 0.000270 seconds.
  path: Packages/com.unity.collab-proxy/Editor/PlasticSCM/Assets/Images/d_cloudbuhochristmas.png
  artifactKey: Guid(70632ddfe8e71b04b8f90ef7e29a9e98) Importer(815301076,1909f56bfc062723c751e8b465ee728b)
Start importing Packages/com.unity.collab-proxy/Editor/PlasticSCM/Assets/Images/d_cloudbuhochristmas.png using Guid(70632ddfe8e71b04b8f90ef7e29a9e98) Importer(815301076,1909f56bfc062723c751e8b465ee728b)  -> (artifact id: 'eeb7832fd3d049f988903687edb46d39') in 0.022105 seconds 
  Import took 0.025553 seconds .

========================================================================
Received Import Request.
  Time since last request: 33.834132 seconds.
  path: Assets/Environment/Island_02 Variant.prefab
  artifactKey: Guid(735724f42b6a7b1489a3ebd699bafb5e) Importer(815301076,1909f56bfc062723c751e8b465ee728b)
Start importing Assets/Environment/Island_02 Variant.prefab using Guid(735724f42b6a7b1489a3ebd699bafb5e) Importer(815301076,1909f56bfc062723c751e8b465ee728b)  -> (artifact id: '9f9c0c5d83f556811150747b1b2b8be6') in 0.015573 seconds 
  Import took 0.019499 seconds .

========================================================================
Received Import Request.
  Time since last request: 70.332656 seconds.
  path: Assets/Environment/Island_02 Variant.prefab
  artifactKey: Guid(735724f42b6a7b1489a3ebd699bafb5e) Importer(815301076,1909f56bfc062723c751e8b465ee728b)
Start importing Assets/Environment/Island_02 Variant.prefab using Guid(735724f42b6a7b1489a3ebd699bafb5e) Importer(815301076,1909f56bfc062723c751e8b465ee728b)  -> (artifact id: '51d172f99c2fab653206b66bb5b76a93') in 0.009217 seconds 
  Import took 0.012662 seconds .

========================================================================
Received Import Request.
  Time since last request: 609.466691 seconds.
  path: Assets/Environment.prefab
  artifactKey: Guid(cbb1e7ec80a33d243bc94ff30c41ea1f) Importer(815301076,1909f56bfc062723c751e8b465ee728b)
Start importing Assets/Environment.prefab using Guid(cbb1e7ec80a33d243bc94ff30c41ea1f) Importer(815301076,1909f56bfc062723c751e8b465ee728b)  -> (artifact id: '80657cef0d4e67fe83cd8e8a46eca6bd') in 0.028774 seconds 
  Import took 0.034551 seconds .

========================================================================
Received Import Request.
  Time since last request: 31.282800 seconds.
  path: Assets/Plugins/Summer_Beach_Cartoon_Pack/Export/Towel_05.FBX
  artifactKey: Guid(609f04e0af9b65746a164891b94d07a8) Importer(815301076,1909f56bfc062723c751e8b465ee728b)
Start importing Assets/Plugins/Summer_Beach_Cartoon_Pack/Export/Towel_05.FBX using Guid(609f04e0af9b65746a164891b94d07a8) Importer(815301076,1909f56bfc062723c751e8b465ee728b)  -> (artifact id: '92eabae376b782c8a78ca252a8cd8cfc') in 0.054850 seconds 
  Import took 0.059376 seconds .

========================================================================
Received Import Request.
  Time since last request: 0.125575 seconds.
  path: Assets/Plugins/Summer_Beach_Cartoon_Pack/Textures/CartoonSummerBeach_Props.png
  artifactKey: Guid(c92d643ba80456443a6bfd8828de5bd6) Importer(815301076,1909f56bfc062723c751e8b465ee728b)
Start importing Assets/Plugins/Summer_Beach_Cartoon_Pack/Textures/CartoonSummerBeach_Props.png using Guid(c92d643ba80456443a6bfd8828de5bd6) Importer(815301076,1909f56bfc062723c751e8b465ee728b)  -> (artifact id: 'e6b36b0653172e1fc988d0573988ee3b') in 0.016661 seconds 
  Import took 0.020742 seconds .

========================================================================
Received Import Request.
  Time since last request: 0.011930 seconds.
  path: Assets/Plugins/Summer_Beach_Cartoon_Pack/Textures/Texture_Docks.png
  artifactKey: Guid(0013668ebbee64d4696e6b34d4549660) Importer(815301076,1909f56bfc062723c751e8b465ee728b)
Start importing Assets/Plugins/Summer_Beach_Cartoon_Pack/Textures/Texture_Docks.png using Guid(0013668ebbee64d4696e6b34d4549660) Importer(815301076,1909f56bfc062723c751e8b465ee728b)  -> (artifact id: 'd7d16eb16f0ff7ec3118afb56cdc14f9') in 0.018384 seconds 
  Import took 0.022906 seconds .

========================================================================
Received Import Request.
  Time since last request: 0.021829 seconds.
  path: Assets/Plugins/Summer_Beach_Cartoon_Pack/Cartoon_Water/Textures/NoiseTexture.tga
  artifactKey: Guid(38f021290d87f034892dc2b3d522dce6) Importer(815301076,1909f56bfc062723c751e8b465ee728b)
Start importing Assets/Plugins/Summer_Beach_Cartoon_Pack/Cartoon_Water/Textures/NoiseTexture.tga using Guid(38f021290d87f034892dc2b3d522dce6) Importer(815301076,1909f56bfc062723c751e8b465ee728b)  -> (artifact id: '095b0bc8297ced9a28b4bf7b8c671b2b') in 0.135679 seconds 
  Import took 0.139384 seconds .

========================================================================
Received Import Request.
  Time since last request: 0.011985 seconds.
  path: Assets/Plugins/Summer_Beach_Cartoon_Pack/Textures/Herringbone_Tile.png
  artifactKey: Guid(792028570d58fdf4cbaf6ce0a7fe62fb) Importer(815301076,1909f56bfc062723c751e8b465ee728b)
Start importing Assets/Plugins/Summer_Beach_Cartoon_Pack/Textures/Herringbone_Tile.png using Guid(792028570d58fdf4cbaf6ce0a7fe62fb) Importer(815301076,1909f56bfc062723c751e8b465ee728b)  -> (artifact id: '755e6071f8c9fab0f835cfc3274f44d7') in 0.013756 seconds 
  Import took 0.017416 seconds .

========================================================================
Received Import Request.
  Time since last request: 0.008940 seconds.
  path: Assets/Plugins/Summer_Beach_Cartoon_Pack/Textures/Sand_tile.png
  artifactKey: Guid(1cdb33f6a76fe4c4fbd960a3787040e7) Importer(815301076,1909f56bfc062723c751e8b465ee728b)
Start importing Assets/Plugins/Summer_Beach_Cartoon_Pack/Textures/Sand_tile.png using Guid(1cdb33f6a76fe4c4fbd960a3787040e7) Importer(815301076,1909f56bfc062723c751e8b465ee728b)  -> (artifact id: 'f893eaeeb52f68b40d152d70e528a893') in 0.012905 seconds 
  Import took 0.016623 seconds .

========================================================================
Received Import Request.
  Time since last request: 0.007110 seconds.
  path: Assets/Plugins/Summer_Beach_Cartoon_Pack/Cartoon_Water/Shaders/Water.shader
  artifactKey: Guid(032c21f6809483a449cfed1a7c519f45) Importer(815301076,1909f56bfc062723c751e8b465ee728b)
Start importing Assets/Plugins/Summer_Beach_Cartoon_Pack/Cartoon_Water/Shaders/Water.shader using Guid(032c21f6809483a449cfed1a7c519f45) Importer(815301076,1909f56bfc062723c751e8b465ee728b)  -> (artifact id: 'abce768dce0924ae1746ecf871797463') in 0.006704 seconds 
  Import took 0.009548 seconds .

========================================================================
Received Import Request.
  Time since last request: 0.006704 seconds.
  path: Assets/Plugins/Summer_Beach_Cartoon_Pack/Cartoon_Water/Textures/water.png
  artifactKey: Guid(00556256e03ab764f9db35d85132d72b) Importer(815301076,1909f56bfc062723c751e8b465ee728b)
Start importing Assets/Plugins/Summer_Beach_Cartoon_Pack/Cartoon_Water/Textures/water.png using Guid(00556256e03ab764f9db35d85132d72b) Importer(815301076,1909f56bfc062723c751e8b465ee728b)  -> (artifact id: 'f1efaa4fe62df3576dd856356a8a85d6') in 0.012126 seconds 
  Import took 0.015395 seconds .

========================================================================
Received Import Request.
  Time since last request: 0.017843 seconds.
  path: Assets/Plugins/Summer_Beach_Cartoon_Pack/Export/Rattan_BeachUnmbrella_03.FBX
  artifactKey: Guid(a14697e842558294dbafe25b61215b6b) Importer(815301076,1909f56bfc062723c751e8b465ee728b)
Start importing Assets/Plugins/Summer_Beach_Cartoon_Pack/Export/Rattan_BeachUnmbrella_03.FBX using Guid(a14697e842558294dbafe25b61215b6b) Importer(815301076,1909f56bfc062723c751e8b465ee728b)  -> (artifact id: 'ba42c1d7ffbeb3ec7e73150a83d68628') in 0.018449 seconds 
  Import took 0.021505 seconds .

========================================================================
Received Import Request.
  Time since last request: 0.020076 seconds.
  path: Assets/Plugins/Summer_Beach_Cartoon_Pack/Cartoon_Water/Materials/Water.mat
  artifactKey: Guid(539836bed452745458818c0eee30053a) Importer(815301076,1909f56bfc062723c751e8b465ee728b)
Start importing Assets/Plugins/Summer_Beach_Cartoon_Pack/Cartoon_Water/Materials/Water.mat using Guid(539836bed452745458818c0eee30053a) Importer(815301076,1909f56bfc062723c751e8b465ee728b)  -> (artifact id: 'd66d9d638e8fa018c4edd6d57877e9bc') in 0.027580 seconds 
  Import took 0.030596 seconds .

========================================================================
Received Import Request.
  Time since last request: 0.038128 seconds.
  path: Assets/Plugins/Summer_Beach_Cartoon_Pack/Materials/Sand_tile.mat
  artifactKey: Guid(eb1da26c5150c2540a99d633f823b285) Importer(815301076,1909f56bfc062723c751e8b465ee728b)
Start importing Assets/Plugins/Summer_Beach_Cartoon_Pack/Materials/Sand_tile.mat using Guid(eb1da26c5150c2540a99d633f823b285) Importer(815301076,1909f56bfc062723c751e8b465ee728b)  -> (artifact id: 'b48ed269ef5aa05aee19c7dbaf9cd302') in 0.019647 seconds 
  Import took 0.024066 seconds .

========================================================================
Received Import Request.
  Time since last request: 0.026792 seconds.
  path: Assets/Plugins/Summer_Beach_Cartoon_Pack/Textures/CartoonSummerBeach_Exterior.png
  artifactKey: Guid(f02caf3014cf6cf4db5386b4613d01af) Importer(815301076,1909f56bfc062723c751e8b465ee728b)
Start importing Assets/Plugins/Summer_Beach_Cartoon_Pack/Textures/CartoonSummerBeach_Exterior.png using Guid(f02caf3014cf6cf4db5386b4613d01af) Importer(815301076,1909f56bfc062723c751e8b465ee728b)  -> (artifact id: '53dcfbba9d18c277872a655381ad1c88') in 0.012145 seconds 
  Import took 0.015524 seconds .

========================================================================
Received Import Request.
  Time since last request: 0.018871 seconds.
  path: Assets/Plugins/Summer_Beach_Cartoon_Pack/Textures/Sand.png
  artifactKey: Guid(1e7c0ef65631e5a4e8f5e6fa4ed19554) Importer(815301076,1909f56bfc062723c751e8b465ee728b)
Start importing Assets/Plugins/Summer_Beach_Cartoon_Pack/Textures/Sand.png using Guid(1e7c0ef65631e5a4e8f5e6fa4ed19554) Importer(815301076,1909f56bfc062723c751e8b465ee728b)  -> (artifact id: 'cd1767640dbd8c07ee15c7faf34b6c8e') in 0.014535 seconds 
  Import took 0.018533 seconds .

